Vivado Simulator 2019.1
Time resolution is 1 ps
Block Memory Generator module all_dev_tb.uut.design_1_i.microblaze_0_local_memory.lmb_bram.inst.native_mem_mapped_module.blk_mem_gen_v8_4_3_inst is using a behavioral model for simulation which will not precisely model memory collision behavior.
Warning: OPMODE Input Warning : The OPMODE 0110X0X with CARRYINSEL  000 to DSP48E1 instance is invalid.
Time: 355 ns  Iteration: 13  Process: /all_dev_tb/uut/design_1_i/log2_0/U0/log2_fadd_32ns_32bkb_U1/log2_ap_fadd_3_full_dsp_32_u/U0/i_synth/addsub_op/ADDSUB/dsp/OP/dsp48e1_body/ALIGN_ADD/DSP2/DSP/prcs_opmode_drc  File: C:\Xilinx\Vivado\2019.1\data/vhdl/src/unisims/primitive/DSP48E1.vhd
Warning: OPMODE Input Warning : The OPMODE 0110X0X with CARRYINSEL  000 to DSP48E1 instance is invalid.
Time: 355 ns  Iteration: 13  Process: /all_dev_tb/uut/design_1_i/log2_0/U0/log2_fadd_32ns_32bkb_U2/log2_ap_fadd_3_full_dsp_32_u/U0/i_synth/addsub_op/ADDSUB/dsp/OP/dsp48e1_body/ALIGN_ADD/DSP2/DSP/prcs_opmode_drc  File: C:\Xilinx\Vivado\2019.1\data/vhdl/src/unisims/primitive/DSP48E1.vhd
Warning: OPMODE Input Warning : The OPMODE 0110X0X with CARRYINSEL  000 to DSP48E1 instance is invalid.
Time: 5895 ns  Iteration: 13  Process: /all_dev_tb/uut/design_1_i/log2_0/U0/log2_fadd_32ns_32bkb_U1/log2_ap_fadd_3_full_dsp_32_u/U0/i_synth/addsub_op/ADDSUB/dsp/OP/dsp48e1_body/ALIGN_ADD/DSP2/DSP/prcs_opmode_drc  File: C:\Xilinx\Vivado\2019.1\data/vhdl/src/unisims/primitive/DSP48E1.vhd
Warning: OPMODE Input Warning : The OPMODE 0110X0X with CARRYINSEL  000 to DSP48E1 instance is invalid.
Time: 6365 ns  Iteration: 14  Process: /all_dev_tb/uut/design_1_i/log2_0/U0/log2_fadd_32ns_32bkb_U1/log2_ap_fadd_3_full_dsp_32_u/U0/i_synth/addsub_op/ADDSUB/dsp/OP/dsp48e1_body/ALIGN_ADD/DSP2/DSP/prcs_opmode_drc  File: C:\Xilinx\Vivado\2019.1\data/vhdl/src/unisims/primitive/DSP48E1.vhd
Warning: OPMODE Input Warning : The OPMODE 0110X0X with CARRYINSEL  000 to DSP48E1 instance is invalid.
Time: 6415 ns  Iteration: 13  Process: /all_dev_tb/uut/design_1_i/log2_0/U0/log2_fadd_32ns_32bkb_U1/log2_ap_fadd_3_full_dsp_32_u/U0/i_synth/addsub_op/ADDSUB/dsp/OP/dsp48e1_body/ALIGN_ADD/DSP2/DSP/prcs_opmode_drc  File: C:\Xilinx\Vivado\2019.1\data/vhdl/src/unisims/primitive/DSP48E1.vhd
Warning: OPMODE Input Warning : The OPMODE 0110X0X with CARRYINSEL  000 to DSP48E1 instance is invalid.
Time: 6465 ns  Iteration: 13  Process: /all_dev_tb/uut/design_1_i/log2_0/U0/log2_fadd_32ns_32bkb_U1/log2_ap_fadd_3_full_dsp_32_u/U0/i_synth/addsub_op/ADDSUB/dsp/OP/dsp48e1_body/ALIGN_ADD/DSP2/DSP/prcs_opmode_drc  File: C:\Xilinx\Vivado\2019.1\data/vhdl/src/unisims/primitive/DSP48E1.vhd
Warning: OPMODE Input Warning : The OPMODE 0110X0X with CARRYINSEL  000 to DSP48E1 instance is invalid.
Time: 6515 ns  Iteration: 13  Process: /all_dev_tb/uut/design_1_i/log2_0/U0/log2_fadd_32ns_32bkb_U1/log2_ap_fadd_3_full_dsp_32_u/U0/i_synth/addsub_op/ADDSUB/dsp/OP/dsp48e1_body/ALIGN_ADD/DSP2/DSP/prcs_opmode_drc  File: C:\Xilinx\Vivado\2019.1\data/vhdl/src/unisims/primitive/DSP48E1.vhd
Warning: OPMODE Input Warning : The OPMODE 0110X0X with CARRYINSEL  000 to DSP48E1 instance is invalid.
Time: 6565 ns  Iteration: 13  Process: /all_dev_tb/uut/design_1_i/log2_0/U0/log2_fadd_32ns_32bkb_U1/log2_ap_fadd_3_full_dsp_32_u/U0/i_synth/addsub_op/ADDSUB/dsp/OP/dsp48e1_body/ALIGN_ADD/DSP2/DSP/prcs_opmode_drc  File: C:\Xilinx\Vivado\2019.1\data/vhdl/src/unisims/primitive/DSP48E1.vhd
Warning: OPMODE Input Warning : The OPMODE 0110X0X with CARRYINSEL  000 to DSP48E1 instance is invalid.
Time: 6615 ns  Iteration: 13  Process: /all_dev_tb/uut/design_1_i/log2_0/U0/log2_fadd_32ns_32bkb_U1/log2_ap_fadd_3_full_dsp_32_u/U0/i_synth/addsub_op/ADDSUB/dsp/OP/dsp48e1_body/ALIGN_ADD/DSP2/DSP/prcs_opmode_drc  File: C:\Xilinx\Vivado\2019.1\data/vhdl/src/unisims/primitive/DSP48E1.vhd
Warning: OPMODE Input Warning : The OPMODE 0110X0X with CARRYINSEL  000 to DSP48E1 instance is invalid.
Time: 6665 ns  Iteration: 13  Process: /all_dev_tb/uut/design_1_i/log2_0/U0/log2_fadd_32ns_32bkb_U1/log2_ap_fadd_3_full_dsp_32_u/U0/i_synth/addsub_op/ADDSUB/dsp/OP/dsp48e1_body/ALIGN_ADD/DSP2/DSP/prcs_opmode_drc  File: C:\Xilinx\Vivado\2019.1\data/vhdl/src/unisims/primitive/DSP48E1.vhd
Warning: OPMODE Input Warning : The OPMODE 0110X0X with CARRYINSEL  000 to DSP48E1 instance is invalid.
Time: 6715 ns  Iteration: 13  Process: /all_dev_tb/uut/design_1_i/log2_0/U0/log2_fadd_32ns_32bkb_U1/log2_ap_fadd_3_full_dsp_32_u/U0/i_synth/addsub_op/ADDSUB/dsp/OP/dsp48e1_body/ALIGN_ADD/DSP2/DSP/prcs_opmode_drc  File: C:\Xilinx\Vivado\2019.1\data/vhdl/src/unisims/primitive/DSP48E1.vhd
Warning: OPMODE Input Warning : The OPMODE 0110X0X with CARRYINSEL  000 to DSP48E1 instance is invalid.
Time: 6765 ns  Iteration: 13  Process: /all_dev_tb/uut/design_1_i/log2_0/U0/log2_fadd_32ns_32bkb_U1/log2_ap_fadd_3_full_dsp_32_u/U0/i_synth/addsub_op/ADDSUB/dsp/OP/dsp48e1_body/ALIGN_ADD/DSP2/DSP/prcs_opmode_drc  File: C:\Xilinx\Vivado\2019.1\data/vhdl/src/unisims/primitive/DSP48E1.vhd
Warning: OPMODE Input Warning : The OPMODE 0110X0X with CARRYINSEL  000 to DSP48E1 instance is invalid.
Time: 6815 ns  Iteration: 13  Process: /all_dev_tb/uut/design_1_i/log2_0/U0/log2_fadd_32ns_32bkb_U1/log2_ap_fadd_3_full_dsp_32_u/U0/i_synth/addsub_op/ADDSUB/dsp/OP/dsp48e1_body/ALIGN_ADD/DSP2/DSP/prcs_opmode_drc  File: C:\Xilinx\Vivado\2019.1\data/vhdl/src/unisims/primitive/DSP48E1.vhd
Warning: OPMODE Input Warning : The OPMODE 0110X0X with CARRYINSEL  000 to DSP48E1 instance is invalid.
Time: 6865 ns  Iteration: 13  Process: /all_dev_tb/uut/design_1_i/log2_0/U0/log2_fadd_32ns_32bkb_U1/log2_ap_fadd_3_full_dsp_32_u/U0/i_synth/addsub_op/ADDSUB/dsp/OP/dsp48e1_body/ALIGN_ADD/DSP2/DSP/prcs_opmode_drc  File: C:\Xilinx\Vivado\2019.1\data/vhdl/src/unisims/primitive/DSP48E1.vhd
Warning: OPMODE Input Warning : The OPMODE 0110X0X with CARRYINSEL  000 to DSP48E1 instance is invalid.
Time: 6915 ns  Iteration: 13  Process: /all_dev_tb/uut/design_1_i/log2_0/U0/log2_fadd_32ns_32bkb_U1/log2_ap_fadd_3_full_dsp_32_u/U0/i_synth/addsub_op/ADDSUB/dsp/OP/dsp48e1_body/ALIGN_ADD/DSP2/DSP/prcs_opmode_drc  File: C:\Xilinx\Vivado\2019.1\data/vhdl/src/unisims/primitive/DSP48E1.vhd
Warning: OPMODE Input Warning : The OPMODE 0110X0X with CARRYINSEL  000 to DSP48E1 instance is invalid.
Time: 6965 ns  Iteration: 13  Process: /all_dev_tb/uut/design_1_i/log2_0/U0/log2_fadd_32ns_32bkb_U1/log2_ap_fadd_3_full_dsp_32_u/U0/i_synth/addsub_op/ADDSUB/dsp/OP/dsp48e1_body/ALIGN_ADD/DSP2/DSP/prcs_opmode_drc  File: C:\Xilinx\Vivado\2019.1\data/vhdl/src/unisims/primitive/DSP48E1.vhd
Warning: OPMODE Input Warning : The OPMODE 0110X0X with CARRYINSEL  000 to DSP48E1 instance is invalid.
Time: 7015 ns  Iteration: 13  Process: /all_dev_tb/uut/design_1_i/log2_0/U0/log2_fadd_32ns_32bkb_U1/log2_ap_fadd_3_full_dsp_32_u/U0/i_synth/addsub_op/ADDSUB/dsp/OP/dsp48e1_body/ALIGN_ADD/DSP2/DSP/prcs_opmode_drc  File: C:\Xilinx\Vivado\2019.1\data/vhdl/src/unisims/primitive/DSP48E1.vhd
Warning: OPMODE Input Warning : The OPMODE 0110X0X with CARRYINSEL  000 to DSP48E1 instance is invalid.
Time: 7065 ns  Iteration: 13  Process: /all_dev_tb/uut/design_1_i/log2_0/U0/log2_fadd_32ns_32bkb_U1/log2_ap_fadd_3_full_dsp_32_u/U0/i_synth/addsub_op/ADDSUB/dsp/OP/dsp48e1_body/ALIGN_ADD/DSP2/DSP/prcs_opmode_drc  File: C:\Xilinx\Vivado\2019.1\data/vhdl/src/unisims/primitive/DSP48E1.vhd
Warning: OPMODE Input Warning : The OPMODE 0110X0X with CARRYINSEL  000 to DSP48E1 instance is invalid.
Time: 7115 ns  Iteration: 13  Process: /all_dev_tb/uut/design_1_i/log2_0/U0/log2_fadd_32ns_32bkb_U1/log2_ap_fadd_3_full_dsp_32_u/U0/i_synth/addsub_op/ADDSUB/dsp/OP/dsp48e1_body/ALIGN_ADD/DSP2/DSP/prcs_opmode_drc  File: C:\Xilinx\Vivado\2019.1\data/vhdl/src/unisims/primitive/DSP48E1.vhd
Warning: OPMODE Input Warning : The OPMODE 0110X0X with CARRYINSEL  000 to DSP48E1 instance is invalid.
Time: 7165 ns  Iteration: 13  Process: /all_dev_tb/uut/design_1_i/log2_0/U0/log2_fadd_32ns_32bkb_U1/log2_ap_fadd_3_full_dsp_32_u/U0/i_synth/addsub_op/ADDSUB/dsp/OP/dsp48e1_body/ALIGN_ADD/DSP2/DSP/prcs_opmode_drc  File: C:\Xilinx\Vivado\2019.1\data/vhdl/src/unisims/primitive/DSP48E1.vhd
Warning: OPMODE Input Warning : The OPMODE 0110X0X with CARRYINSEL  000 to DSP48E1 instance is invalid.
Time: 7215 ns  Iteration: 13  Process: /all_dev_tb/uut/design_1_i/log2_0/U0/log2_fadd_32ns_32bkb_U1/log2_ap_fadd_3_full_dsp_32_u/U0/i_synth/addsub_op/ADDSUB/dsp/OP/dsp48e1_body/ALIGN_ADD/DSP2/DSP/prcs_opmode_drc  File: C:\Xilinx\Vivado\2019.1\data/vhdl/src/unisims/primitive/DSP48E1.vhd
Warning: OPMODE Input Warning : The OPMODE 0110X0X with CARRYINSEL  000 to DSP48E1 instance is invalid.
Time: 7265 ns  Iteration: 13  Process: /all_dev_tb/uut/design_1_i/log2_0/U0/log2_fadd_32ns_32bkb_U1/log2_ap_fadd_3_full_dsp_32_u/U0/i_synth/addsub_op/ADDSUB/dsp/OP/dsp48e1_body/ALIGN_ADD/DSP2/DSP/prcs_opmode_drc  File: C:\Xilinx\Vivado\2019.1\data/vhdl/src/unisims/primitive/DSP48E1.vhd
Warning: OPMODE Input Warning : The OPMODE 0110X0X with CARRYINSEL  000 to DSP48E1 instance is invalid.
Time: 7315 ns  Iteration: 13  Process: /all_dev_tb/uut/design_1_i/log2_0/U0/log2_fadd_32ns_32bkb_U1/log2_ap_fadd_3_full_dsp_32_u/U0/i_synth/addsub_op/ADDSUB/dsp/OP/dsp48e1_body/ALIGN_ADD/DSP2/DSP/prcs_opmode_drc  File: C:\Xilinx\Vivado\2019.1\data/vhdl/src/unisims/primitive/DSP48E1.vhd
Warning: OPMODE Input Warning : The OPMODE 0110X0X with CARRYINSEL  000 to DSP48E1 instance is invalid.
Time: 7365 ns  Iteration: 13  Process: /all_dev_tb/uut/design_1_i/log2_0/U0/log2_fadd_32ns_32bkb_U1/log2_ap_fadd_3_full_dsp_32_u/U0/i_synth/addsub_op/ADDSUB/dsp/OP/dsp48e1_body/ALIGN_ADD/DSP2/DSP/prcs_opmode_drc  File: C:\Xilinx\Vivado\2019.1\data/vhdl/src/unisims/primitive/DSP48E1.vhd
Warning: OPMODE Input Warning : The OPMODE 0110X0X with CARRYINSEL  000 to DSP48E1 instance is invalid.
Time: 7415 ns  Iteration: 13  Process: /all_dev_tb/uut/design_1_i/log2_0/U0/log2_fadd_32ns_32bkb_U1/log2_ap_fadd_3_full_dsp_32_u/U0/i_synth/addsub_op/ADDSUB/dsp/OP/dsp48e1_body/ALIGN_ADD/DSP2/DSP/prcs_opmode_drc  File: C:\Xilinx\Vivado\2019.1\data/vhdl/src/unisims/primitive/DSP48E1.vhd
