#-----------------------------------------------------------
# Vivado v2019.1 (64-bit)
# SW Build 2552052 on Fri May 24 14:49:42 MDT 2019
# IP Build 2548770 on Fri May 24 18:01:18 MDT 2019
# Start of session at: Mon Dec  7 17:47:03 2020
# Process ID: 3592
# Current directory: C:/Users/mavity/VivadoProjects/soc3/accelerator/solution1/sim/verilog
# Command line: vivado.exe -source open_wave.tcl
# Log file: C:/Users/mavity/VivadoProjects/soc3/accelerator/solution1/sim/verilog/vivado.log
# Journal file: C:/Users/mavity/VivadoProjects/soc3/accelerator/solution1/sim/verilog\vivado.jou
#-----------------------------------------------------------
start_gui
source open_wave.tcl
# current_fileset
INFO: [IP_Flow 19-234] Refreshing IP repositories
INFO: [IP_Flow 19-1704] No user IP repositories specified
INFO: [IP_Flow 19-2313] Loaded Vivado IP repository 'C:/Xilinx/Vivado/2019.1/data/ip'.
current_fileset: Time (s): cpu = 00:00:11 ; elapsed = 00:00:05 . Memory (MB): peak = 757.633 ; gain = 141.980
# open_wave_database l_log2.wdb
open_wave_config C:/Users/mavity/VivadoProjects/soc3/accelerator/solution1/sim/verilog/l_log2.wcfg
close_sim
INFO: [Simtcl 6-16] Simulation closed
exit
INFO: [Common 17-206] Exiting Vivado at Mon Dec  7 19:09:50 2020...
